Using pre-set license
Built from '2021.3/staging' branch; Version is '2021.3.23f1 (213b516bf396) revision 2177873'; Using compiler version '192829333'; Build Type 'Release'
OS: 'Windows 10  (10.0.19045) 64bit Professional' Language: 'ko' Physical Memory: 16318 MB
BatchMode: 1, IsHumanControllingUs: 0, StartBugReporterOnCrash: 0, Is64bit: 1, IsPro: 1

COMMAND LINE ARGUMENTS:
E:\Programs\Unity\Hub\Editor\2021.3.23f1\Editor\Unity.exe
-adb2
-batchMode
-noUpm
-name
AssetImportWorker2
-projectPath
E:/Develop/Encounter_NightDance
-logFile
Logs/AssetImportWorker2.log
-srvPort
4445
Successfully changed project path to: E:/Develop/Encounter_NightDance
E:/Develop/Encounter_NightDance
[UnityMemory] Configuration Parameters - Can be set up in boot.config
    "memorysetup-bucket-allocator-granularity=16"
    "memorysetup-bucket-allocator-bucket-count=8"
    "memorysetup-bucket-allocator-block-size=33554432"
    "memorysetup-bucket-allocator-block-count=8"
    "memorysetup-main-allocator-block-size=16777216"
    "memorysetup-thread-allocator-block-size=16777216"
    "memorysetup-gfx-main-allocator-block-size=16777216"
    "memorysetup-gfx-thread-allocator-block-size=16777216"
    "memorysetup-cache-allocator-block-size=4194304"
    "memorysetup-typetree-allocator-block-size=2097152"
    "memorysetup-profiler-bucket-allocator-granularity=16"
    "memorysetup-profiler-bucket-allocator-bucket-count=8"
    "memorysetup-profiler-bucket-allocator-block-size=33554432"
    "memorysetup-profiler-bucket-allocator-block-count=8"
    "memorysetup-profiler-allocator-block-size=16777216"
    "memorysetup-profiler-editor-allocator-block-size=1048576"
    "memorysetup-temp-allocator-size-main=16777216"
    "memorysetup-job-temp-allocator-block-size=2097152"
    "memorysetup-job-temp-allocator-block-size-background=1048576"
    "memorysetup-job-temp-allocator-reduction-small-platforms=262144"
    "memorysetup-temp-allocator-size-background-worker=32768"
    "memorysetup-temp-allocator-size-job-worker=262144"
    "memorysetup-temp-allocator-size-preload-manager=33554432"
    "memorysetup-temp-allocator-size-nav-mesh-worker=65536"
    "memorysetup-temp-allocator-size-audio-worker=65536"
    "memorysetup-temp-allocator-size-cloud-worker=32768"
    "memorysetup-temp-allocator-size-gi-baking-worker=262144"
    "memorysetup-temp-allocator-size-gfx=262144"
Player connection [12716] Host "[IP] 172.30.1.26 [Port] 0 [Flags] 2 [Guid] 2411777381 [EditorId] 2411777381 [Version] 1048832 [Id] WindowsEditor(7,com-PC) [Debug] 1 [PackageName] WindowsEditor [ProjectName] Editor" joined multi-casting on [225.0.0.222:54997]...

Player connection [12716] Host "[IP] 172.30.1.26 [Port] 0 [Flags] 2 [Guid] 2411777381 [EditorId] 2411777381 [Version] 1048832 [Id] WindowsEditor(7,com-PC) [Debug] 1 [PackageName] WindowsEditor [ProjectName] Editor" joined alternative multi-casting on [225.0.0.222:34997]...

Refreshing native plugins compatible for Editor in 134.84 ms, found 4 plugins.
Preloading 0 native plugins for Editor in 0.00 ms.
Initialize engine version: 2021.3.23f1 (213b516bf396)
[Subsystems] Discovering subsystems at path E:/Programs/Unity/Hub/Editor/2021.3.23f1/Editor/Data/Resources/UnitySubsystems
[Subsystems] Discovering subsystems at path E:/Develop/Encounter_NightDance/Assets
GfxDevice: creating device client; threaded=0; jobified=0
Direct3D:
    Version:  Direct3D 11.0 [level 11.1]
    Renderer: NVIDIA GeForce RTX 2080 (ID=0x1e87)
    Vendor:   NVIDIA
    VRAM:     8001 MB
    Driver:   31.0.15.3623
Initialize mono
Mono path[0] = 'E:/Programs/Unity/Hub/Editor/2021.3.23f1/Editor/Data/Managed'
Mono path[1] = 'E:/Programs/Unity/Hub/Editor/2021.3.23f1/Editor/Data/MonoBleedingEdge/lib/mono/unityjit-win32'
Mono config path = 'E:/Programs/Unity/Hub/Editor/2021.3.23f1/Editor/Data/MonoBleedingEdge/etc'
Using monoOptions --debugger-agent=transport=dt_socket,embedding=1,server=y,suspend=n,address=127.0.0.1:56176
Begin MonoManager ReloadAssembly
Registering precompiled unity dll's ...
Register platform support module: E:/Programs/Unity/Hub/Editor/2021.3.23f1/Editor/Data/PlaybackEngines/WindowsStandaloneSupport/UnityEditor.WindowsStandalone.Extensions.dll
Registered in 0.003678 seconds.
Native extension for WindowsStandalone target not found
Refreshing native plugins compatible for Editor in 128.41 ms, found 4 plugins.
Preloading 0 native plugins for Editor in 0.00 ms.
Mono: successfully reloaded assembly
- Completed reload, in  0.656 seconds
Domain Reload Profiling:
	ReloadAssembly (657ms)
		BeginReloadAssembly (93ms)
			ExecutionOrderSort (0ms)
			DisableScriptedObjects (0ms)
			BackupInstance (0ms)
			ReleaseScriptingObjects (0ms)
			CreateAndSetChildDomain (1ms)
		EndReloadAssembly (477ms)
			LoadAssemblies (92ms)
			RebuildTransferFunctionScriptingTraits (0ms)
			SetupTypeCache (103ms)
			ReleaseScriptCaches (0ms)
			RebuildScriptCaches (33ms)
			SetupLoadedEditorAssemblies (290ms)
				LogAssemblyErrors (0ms)
				InitializePlatformSupportModulesInManaged (8ms)
				SetLoadedEditorAssemblies (0ms)
				RefreshPlugins (128ms)
				BeforeProcessingInitializeOnLoad (1ms)
				ProcessInitializeOnLoadAttributes (110ms)
				ProcessInitializeOnLoadMethodAttributes (41ms)
				AfterProcessingInitializeOnLoad (0ms)
				EditorAssembliesLoaded (0ms)
			ExecutionOrderSort2 (0ms)
			AwakeInstancesAfterBackupRestoration (0ms)
Platform modules already initialized, skipping
Registering precompiled user dll's ...
Registered in 0.005750 seconds.
Begin MonoManager ReloadAssembly
Symbol file LoadedFromMemory doesn't match image E:\Develop\Encounter_NightDance\Library\PackageCache\com.unity.visualscripting@1.8.0\Editor\VisualScripting.Core\Dependencies\YamlDotNet\Unity.VisualScripting.YamlDotNet.dll
Symbol file LoadedFromMemory doesn't match image E:\Develop\Encounter_NightDance\Library\PackageCache\com.unity.visualscripting@1.8.0\Editor\VisualScripting.Core\Dependencies\DotNetZip\Unity.VisualScripting.IonicZip.dll
Native extension for WindowsStandalone target not found
Refreshing native plugins compatible for Editor in 116.13 ms, found 4 plugins.
Preloading 0 native plugins for Editor in 0.00 ms.
Mono: successfully reloaded assembly
- Completed reload, in  1.222 seconds
Domain Reload Profiling:
	ReloadAssembly (1223ms)
		BeginReloadAssembly (102ms)
			ExecutionOrderSort (0ms)
			DisableScriptedObjects (5ms)
			BackupInstance (0ms)
			ReleaseScriptingObjects (0ms)
			CreateAndSetChildDomain (17ms)
		EndReloadAssembly (1030ms)
			LoadAssemblies (85ms)
			RebuildTransferFunctionScriptingTraits (0ms)
			SetupTypeCache (246ms)
			ReleaseScriptCaches (1ms)
			RebuildScriptCaches (69ms)
			SetupLoadedEditorAssemblies (596ms)
				LogAssemblyErrors (0ms)
				InitializePlatformSupportModulesInManaged (3ms)
				SetLoadedEditorAssemblies (0ms)
				RefreshPlugins (116ms)
				BeforeProcessingInitializeOnLoad (116ms)
				ProcessInitializeOnLoadAttributes (284ms)
				ProcessInitializeOnLoadMethodAttributes (73ms)
				AfterProcessingInitializeOnLoad (3ms)
				EditorAssembliesLoaded (0ms)
			ExecutionOrderSort2 (0ms)
			AwakeInstancesAfterBackupRestoration (8ms)
Platform modules already initialized, skipping
========================================================================
Worker process is ready to serve import requests
Launched and connected shader compiler UnityShaderCompiler.exe after 0.05 seconds
Refreshing native plugins compatible for Editor in 1.08 ms, found 4 plugins.
Preloading 0 native plugins for Editor in 0.00 ms.
Unloading 5598 Unused Serialized files (Serialized files now loaded: 0)
Unloading 44 unused Assets / (89.9 MB). Loaded Objects now: 6052.
Memory consumption went from 224.6 MB to 134.7 MB.
Total: 7.167500 ms (FindLiveObjects: 0.532000 ms CreateObjectMapping: 0.178300 ms MarkObjects: 6.155200 ms  DeleteObjects: 0.301200 ms)

AssetImportParameters requested are different than current active one (requested -> active):
  custom:video-decoder-ogg-theora: a1e56fd34408186e4bbccfd4996cb3dc -> 
  custom:container-muxer-webm: aa71ff27fc2769a1b78a27578f13a17b -> 
  custom:container-demuxer-webm: 4f35f7cbe854078d1ac9338744f61a02 -> 
  custom:video-encoder-webm-vp8: eb34c28f22e8b96e1ab97ce403110664 -> 
  custom:audio-encoder-webm-vorbis: bf7c407c2cedff20999df2af8eb42d56 -> 
  custom:framework-win-MediaFoundation: 216162199b28c13a410421893ffa2e32 -> 
  custom:container-demuxer-ogg: 62fdf1f143b41e24485cea50d1cbac27 -> 
  custom:video-decoder-webm-vp8: 9c59270c3fd7afecdb556c50c9e8de78 -> 
  custom:audio-decoder-ogg-vorbis: bf7c407c2cedff20999df2af8eb42d56 -> 
========================================================================
Received Import Request.
  Time since last request: 16895.646323 seconds.
  path: Assets/Resources/Images/Sprite/Character
  artifactKey: Guid(a14c8f93f2af808449325d763d33d4fe) Importer(815301076,1909f56bfc062723c751e8b465ee728b)
Start importing Assets/Resources/Images/Sprite/Character using Guid(a14c8f93f2af808449325d763d33d4fe) Importer(815301076,1909f56bfc062723c751e8b465ee728b)  -> (artifact id: '736666ac37e17df0981c0527c6bff69d') in 0.008128 seconds 
========================================================================
Received Import Request.
  Time since last request: 3.495191 seconds.
  path: Assets/Resources/Images/Sprite/Character/Kana
  artifactKey: Guid(f71f80d226534814d93e7e6fbb7274a2) Importer(815301076,1909f56bfc062723c751e8b465ee728b)
Start importing Assets/Resources/Images/Sprite/Character/Kana using Guid(f71f80d226534814d93e7e6fbb7274a2) Importer(815301076,1909f56bfc062723c751e8b465ee728b)  -> (artifact id: '5dd4ad43bbacfecd64282a9a963c3f9e') in 0.008543 seconds 
========================================================================
Received Import Request.
  Time since last request: 6.726819 seconds.
  path: Assets/Resources/Images/Sprite/Character/Kana/Kana_idle.png
  artifactKey: Guid(4efeba44aa2d0ab40831ebd9030a0370) Importer(815301076,1909f56bfc062723c751e8b465ee728b)
Start importing Assets/Resources/Images/Sprite/Character/Kana/Kana_idle.png using Guid(4efeba44aa2d0ab40831ebd9030a0370) Importer(815301076,1909f56bfc062723c751e8b465ee728b)  -> (artifact id: '5bd1b194107c8d21b726e87505675318') in 0.165968 seconds 
========================================================================
Received Import Request.
  Time since last request: 11.876689 seconds.
  path: Assets/Resources/Images/Sprite/Character/Kana/Kana_idle.png
  artifactKey: Guid(4efeba44aa2d0ab40831ebd9030a0370) Importer(815301076,1909f56bfc062723c751e8b465ee728b)
Start importing Assets/Resources/Images/Sprite/Character/Kana/Kana_idle.png using Guid(4efeba44aa2d0ab40831ebd9030a0370) Importer(815301076,1909f56bfc062723c751e8b465ee728b)  -> (artifact id: 'b35eada37c7c15e25fff026abb56989d') in 0.011648 seconds 
========================================================================
Received Import Request.
  Time since last request: 0.013425 seconds.
  path: Assets/Resources/Images/Sprite/Character/Kana/Kana_move.png
  artifactKey: Guid(67c596bb533bf1e47a863fa260a8c556) Importer(815301076,1909f56bfc062723c751e8b465ee728b)
Start importing Assets/Resources/Images/Sprite/Character/Kana/Kana_move.png using Guid(67c596bb533bf1e47a863fa260a8c556) Importer(815301076,1909f56bfc062723c751e8b465ee728b)  -> (artifact id: 'e42c9b85cf98593efa909f1109e7ab56') in 0.015190 seconds 
========================================================================
Received Import Request.
  Time since last request: 6.978348 seconds.
  path: Assets/Resources/Images/Sprite/Character/Kana/Kana_idle.png
  artifactKey: Guid(4efeba44aa2d0ab40831ebd9030a0370) Importer(815301076,1909f56bfc062723c751e8b465ee728b)
Start importing Assets/Resources/Images/Sprite/Character/Kana/Kana_idle.png using Guid(4efeba44aa2d0ab40831ebd9030a0370) Importer(815301076,1909f56bfc062723c751e8b465ee728b)  -> (artifact id: 'ae219462dfd8ee40a1afd869747ac2aa') in 0.007016 seconds 
========================================================================
Received Import Request.
  Time since last request: 0.018513 seconds.
  path: Assets/Resources/Images/Sprite/Character/Kana/Kana_move.png
  artifactKey: Guid(67c596bb533bf1e47a863fa260a8c556) Importer(815301076,1909f56bfc062723c751e8b465ee728b)
Start importing Assets/Resources/Images/Sprite/Character/Kana/Kana_move.png using Guid(67c596bb533bf1e47a863fa260a8c556) Importer(815301076,1909f56bfc062723c751e8b465ee728b)  -> (artifact id: '6a09804c71ccfc8eadd55021d3581c8a') in 0.008182 seconds 
========================================================================
Received Import Request.
  Time since last request: 14.918430 seconds.
  path: Assets/Resources/Images/Sprite/Character/Kana/Kana_idle.png
  artifactKey: Guid(4efeba44aa2d0ab40831ebd9030a0370) Importer(815301076,1909f56bfc062723c751e8b465ee728b)
Start importing Assets/Resources/Images/Sprite/Character/Kana/Kana_idle.png using Guid(4efeba44aa2d0ab40831ebd9030a0370) Importer(815301076,1909f56bfc062723c751e8b465ee728b)  -> (artifact id: '829c9a7c051ba29fa63ec2c65d59fa60') in 0.023386 seconds 
========================================================================
Received Import Request.
  Time since last request: 8.032295 seconds.
  path: Assets/Resources/Images/Sprite/Character/Kana/Kana_move.png
  artifactKey: Guid(67c596bb533bf1e47a863fa260a8c556) Importer(815301076,1909f56bfc062723c751e8b465ee728b)
Start importing Assets/Resources/Images/Sprite/Character/Kana/Kana_move.png using Guid(67c596bb533bf1e47a863fa260a8c556) Importer(815301076,1909f56bfc062723c751e8b465ee728b)  -> (artifact id: '65c776ef70ecbc13003e63d4d3cfaa3e') in 0.031009 seconds 
========================================================================
Received Import Request.
  Time since last request: 5.091996 seconds.
  path: Assets/Resources/Images
  artifactKey: Guid(52f6fd37543f323499fde34e17c07155) Importer(815301076,1909f56bfc062723c751e8b465ee728b)
Start importing Assets/Resources/Images using Guid(52f6fd37543f323499fde34e17c07155) Importer(815301076,1909f56bfc062723c751e8b465ee728b)  -> (artifact id: 'a4d8f56bf465bf5972561a17c8aa75f0') in 0.013444 seconds 
========================================================================
Received Import Request.
  Time since last request: 16.349136 seconds.
  path: Assets/Resources/Prefab/Battle_Object/Herwin.prefab
  artifactKey: Guid(8b5b5e402493f4b4ab131262ac772cf6) Importer(815301076,1909f56bfc062723c751e8b465ee728b)
Start importing Assets/Resources/Prefab/Battle_Object/Herwin.prefab using Guid(8b5b5e402493f4b4ab131262ac772cf6) Importer(815301076,1909f56bfc062723c751e8b465ee728b)  -> (artifact id: '57454f56db818ab4929cf39d288126eb') in 0.203321 seconds 
========================================================================
Received Import Request.
  Time since last request: 9.439615 seconds.
  path: Assets/Images/Icons/Accessory.png
  artifactKey: Guid(272ede3e5ca828d4e9aa541d05fea627) Importer(815301076,1909f56bfc062723c751e8b465ee728b)
Start importing Assets/Images/Icons/Accessory.png using Guid(272ede3e5ca828d4e9aa541d05fea627) Importer(815301076,1909f56bfc062723c751e8b465ee728b)  -> (artifact id: 'd5eccf4e03ce80167dfa325ee6a1de4f') in 0.019570 seconds 
========================================================================
Received Import Request.
  Time since last request: 0.000032 seconds.
  path: Packages/com.unity.2d.animation/Editor/Assets/SkinningModule/Icons/Selected/character_Mode@4x.png
  artifactKey: Guid(0ccc508108fa6ed4fa11b4a467d7f609) Importer(815301076,1909f56bfc062723c751e8b465ee728b)
Start importing Packages/com.unity.2d.animation/Editor/Assets/SkinningModule/Icons/Selected/character_Mode@4x.png using Guid(0ccc508108fa6ed4fa11b4a467d7f609) Importer(815301076,1909f56bfc062723c751e8b465ee728b)  -> (artifact id: 'ec71135ef46ca8eb0066e2c53514f50e') in 0.024224 seconds 
========================================================================
Received Import Request.
  Time since last request: 0.000044 seconds.
  path: Assets/Images/Circle.png
  artifactKey: Guid(64479493ae2740f4496c5a5b115f7e73) Importer(815301076,1909f56bfc062723c751e8b465ee728b)
Start importing Assets/Images/Circle.png using Guid(64479493ae2740f4496c5a5b115f7e73) Importer(815301076,1909f56bfc062723c751e8b465ee728b)  -> (artifact id: '9733b51efb2b6970f2e89aa2461b3c2f') in 0.034546 seconds 
========================================================================
Received Import Request.
  Time since last request: 0.000023 seconds.
  path: Packages/com.unity.2d.animation/Editor/Assets/SkinningModule/Icons/Light/Bone@3x.png
  artifactKey: Guid(76beef9fdae7b48468ddf07d0400a374) Importer(815301076,1909f56bfc062723c751e8b465ee728b)
Start importing Packages/com.unity.2d.animation/Editor/Assets/SkinningModule/Icons/Light/Bone@3x.png using Guid(76beef9fdae7b48468ddf07d0400a374) Importer(815301076,1909f56bfc062723c751e8b465ee728b)  -> (artifact id: '23a00f8659de6116a70dfd51398848f2') in 0.022285 seconds 
========================================================================
Received Import Request.
  Time since last request: 0.000019 seconds.
  path: Packages/com.unity.2d.animation/Editor/Assets/SkinningModule/Icons/Selected/Bone_Influence@2x.png
  artifactKey: Guid(0779ad3feec52124e97114bcbb12ef13) Importer(815301076,1909f56bfc062723c751e8b465ee728b)
Start importing Packages/com.unity.2d.animation/Editor/Assets/SkinningModule/Icons/Selected/Bone_Influence@2x.png using Guid(0779ad3feec52124e97114bcbb12ef13) Importer(815301076,1909f56bfc062723c751e8b465ee728b)  -> (artifact id: '232903cce1914a0ca7cc11e09e50fb62') in 0.026749 seconds 
========================================================================
Received Import Request.
  Time since last request: 0.000024 seconds.
  path: Packages/com.unity.2d.animation/Editor/Assets/SkinningModule/Icons/Selected/Copy.png
  artifactKey: Guid(678095381d851334fb550c5032ba1a81) Importer(815301076,1909f56bfc062723c751e8b465ee728b)
Start importing Packages/com.unity.2d.animation/Editor/Assets/SkinningModule/Icons/Selected/Copy.png using Guid(678095381d851334fb550c5032ba1a81) Importer(815301076,1909f56bfc062723c751e8b465ee728b)  -> (artifact id: '20edfbd2607895b3fb38aa040084df80') in 0.024109 seconds 
========================================================================
Received Import Request.
  Time since last request: 0.000023 seconds.
  path: Packages/com.unity.2d.animation/Editor/Assets/SkinningModule/Icons/Selected/character_Mode@2x.png
  artifactKey: Guid(5d52b20f865aff242bfcb08c3b6f61a5) Importer(815301076,1909f56bfc062723c751e8b465ee728b)
Start importing Packages/com.unity.2d.animation/Editor/Assets/SkinningModule/Icons/Selected/character_Mode@2x.png using Guid(5d52b20f865aff242bfcb08c3b6f61a5) Importer(815301076,1909f56bfc062723c751e8b465ee728b)  -> (artifact id: 'd19fca90eca26ed786e7ac14efdb201d') in 0.020644 seconds 
========================================================================
Received Import Request.
  Time since last request: 0.000029 seconds.
  path: Packages/com.unity.2d.animation/Editor/Assets/SkinningModule/Icons/Light/character_Mode@2x.png
  artifactKey: Guid(25096ce515c063c48a2bd6b108c95912) Importer(815301076,1909f56bfc062723c751e8b465ee728b)
Start importing Packages/com.unity.2d.animation/Editor/Assets/SkinningModule/Icons/Light/character_Mode@2x.png using Guid(25096ce515c063c48a2bd6b108c95912) Importer(815301076,1909f56bfc062723c751e8b465ee728b)  -> (artifact id: '877a2ab418b2167211349c754ba0f302') in 0.019010 seconds 
========================================================================
Received Import Request.
  Time since last request: 0.000027 seconds.
  path: Packages/com.unity.2d.animation/Editor/Assets/SkinningModule/Icons/Selected/character_Mode@3x.png
  artifactKey: Guid(dcea51d6065d64246aeec467afeff684) Importer(815301076,1909f56bfc062723c751e8b465ee728b)
Start importing Packages/com.unity.2d.animation/Editor/Assets/SkinningModule/Icons/Selected/character_Mode@3x.png using Guid(dcea51d6065d64246aeec467afeff684) Importer(815301076,1909f56bfc062723c751e8b465ee728b)  -> (artifact id: '4092fdcb4acb3d4236164c942e6af418') in 0.023062 seconds 
========================================================================
Received Import Request.
  Time since last request: 0.000025 seconds.
  path: Packages/com.unity.2d.animation/Editor/Assets/SkinningModule/Icons/Light/Bone.png
  artifactKey: Guid(62ce01ddca719d34ea9648c586a7cc94) Importer(815301076,1909f56bfc062723c751e8b465ee728b)
Start importing Packages/com.unity.2d.animation/Editor/Assets/SkinningModule/Icons/Light/Bone.png using Guid(62ce01ddca719d34ea9648c586a7cc94) Importer(815301076,1909f56bfc062723c751e8b465ee728b)  -> (artifact id: '433bd77cafed5e52a251e4b4beca624e') in 0.022475 seconds 
========================================================================
Received Import Request.
  Time since last request: 0.000036 seconds.
  path: Assets/Resources/Images/Character/Background/Base/BlackBase.png
  artifactKey: Guid(16613a572e6e16a45a0d9a9d638e53e8) Importer(815301076,1909f56bfc062723c751e8b465ee728b)
Start importing Assets/Resources/Images/Character/Background/Base/BlackBase.png using Guid(16613a572e6e16a45a0d9a9d638e53e8) Importer(815301076,1909f56bfc062723c751e8b465ee728b)  -> (artifact id: 'ef1caaeb0b4c41dc09dc002622ae3297') in 0.021328 seconds 
========================================================================
Received Import Request.
  Time since last request: 0.000023 seconds.
  path: Packages/com.unity.2d.animation/Editor/Assets/SkinningModule/Icons/Light/Bone_Influence.png
  artifactKey: Guid(e92fc44f12c21dd44a49e390f39f7ffd) Importer(815301076,1909f56bfc062723c751e8b465ee728b)
Start importing Packages/com.unity.2d.animation/Editor/Assets/SkinningModule/Icons/Light/Bone_Influence.png using Guid(e92fc44f12c21dd44a49e390f39f7ffd) Importer(815301076,1909f56bfc062723c751e8b465ee728b)  -> (artifact id: '9293005d9c0dc8d5f16aa1f60b8409f9') in 0.021614 seconds 
========================================================================
Received Import Request.
  Time since last request: 0.000031 seconds.
  path: Packages/com.unity.2d.animation/Editor/Assets/SkinningModule/Icons/Light/Bone@4x.png
  artifactKey: Guid(9125c204f566db048a92ebcb64d9d14a) Importer(815301076,1909f56bfc062723c751e8b465ee728b)
Start importing Packages/com.unity.2d.animation/Editor/Assets/SkinningModule/Icons/Light/Bone@4x.png using Guid(9125c204f566db048a92ebcb64d9d14a) Importer(815301076,1909f56bfc062723c751e8b465ee728b)  -> (artifact id: '5e3987d520b303a61df0e7cb1a587009') in 0.021911 seconds 
========================================================================
Received Import Request.
  Time since last request: 0.000033 seconds.
  path: Assets/Images/BlackBox.png
  artifactKey: Guid(c9b17e99626b7b749ba4e54917d9465c) Importer(815301076,1909f56bfc062723c751e8b465ee728b)
Start importing Assets/Images/BlackBox.png using Guid(c9b17e99626b7b749ba4e54917d9465c) Importer(815301076,1909f56bfc062723c751e8b465ee728b)  -> (artifact id: 'ce00f44b3c967d9417010af69fc68aa9') in 0.017192 seconds 
========================================================================
Received Import Request.
  Time since last request: 0.000019 seconds.
  path: Packages/com.unity.2d.animation/Editor/Assets/SkinningModule/Icons/Light/character_Mode@4x.png
  artifactKey: Guid(748ae8b33df036b46a86e0387f1602cf) Importer(815301076,1909f56bfc062723c751e8b465ee728b)
Start importing Packages/com.unity.2d.animation/Editor/Assets/SkinningModule/Icons/Light/character_Mode@4x.png using Guid(748ae8b33df036b46a86e0387f1602cf) Importer(815301076,1909f56bfc062723c751e8b465ee728b)  -> (artifact id: 'cd9b7dcbfc4e71148a5d1ddc0577fa54') in 0.022387 seconds 
========================================================================
Received Import Request.
  Time since last request: 0.000032 seconds.
  path: Packages/com.unity.2d.animation/Editor/Assets/SkinningModule/Icons/Light/Bone@2x.png
  artifactKey: Guid(d6a44ab95b0def041a7929981a2c23a1) Importer(815301076,1909f56bfc062723c751e8b465ee728b)
Start importing Packages/com.unity.2d.animation/Editor/Assets/SkinningModule/Icons/Light/Bone@2x.png using Guid(d6a44ab95b0def041a7929981a2c23a1) Importer(815301076,1909f56bfc062723c751e8b465ee728b)  -> (artifact id: '761bf7c0a7ff9623ddcc46e505f979a2') in 0.020890 seconds 
========================================================================
Received Import Request.
  Time since last request: 0.685974 seconds.
  path: Assets/Resources/Images/Character/Kana/Kana_Angry.png
  artifactKey: Guid(2a466b54aeafd1e428e4bc87a2758318) Importer(815301076,1909f56bfc062723c751e8b465ee728b)
Start importing Assets/Resources/Images/Character/Kana/Kana_Angry.png using Guid(2a466b54aeafd1e428e4bc87a2758318) Importer(815301076,1909f56bfc062723c751e8b465ee728b)  -> (artifact id: '018045d71ec78b3be14e76fc4c344183') in 0.059181 seconds 
========================================================================
Received Import Request.
  Time since last request: 0.000025 seconds.
  path: Assets/Resources/Images/Character/Kana/Kana_Smile.png
  artifactKey: Guid(98e68970de043bc4186f0d481a232dd7) Importer(815301076,1909f56bfc062723c751e8b465ee728b)
Start importing Assets/Resources/Images/Character/Kana/Kana_Smile.png using Guid(98e68970de043bc4186f0d481a232dd7) Importer(815301076,1909f56bfc062723c751e8b465ee728b)  -> (artifact id: '40ebce3f17a02d00f2dc52a29197a0fb') in 0.053426 seconds 
========================================================================
Received Import Request.
  Time since last request: 0.000028 seconds.
  path: Assets/Resources/Images/Character/Kana/Kana_Exhausted.png
  artifactKey: Guid(ad961da37d1647649bf5baec2ff70143) Importer(815301076,1909f56bfc062723c751e8b465ee728b)
Start importing Assets/Resources/Images/Character/Kana/Kana_Exhausted.png using Guid(ad961da37d1647649bf5baec2ff70143) Importer(815301076,1909f56bfc062723c751e8b465ee728b)  -> (artifact id: '59e7a41c083eb3a78a5dbe9844842db3') in 0.053376 seconds 
========================================================================
Received Import Request.
  Time since last request: 2.575926 seconds.
  path: Assets/Resources/Prefab/Battle_Object/Kain.prefab
  artifactKey: Guid(1dfd1fee7b9c3c84ab1b9de9317ebc9e) Importer(815301076,1909f56bfc062723c751e8b465ee728b)
Start importing Assets/Resources/Prefab/Battle_Object/Kain.prefab using Guid(1dfd1fee7b9c3c84ab1b9de9317ebc9e) Importer(815301076,1909f56bfc062723c751e8b465ee728b)  -> (artifact id: '60825f9d45306dff8ea6c1d1858c9760') in 0.018870 seconds 
========================================================================
Received Import Request.
  Time since last request: 8.113704 seconds.
  path: Assets/Resources/Images/Sprite/Character/Kana/Kana_idle.png
  artifactKey: Guid(4efeba44aa2d0ab40831ebd9030a0370) Importer(815301076,1909f56bfc062723c751e8b465ee728b)
Start importing Assets/Resources/Images/Sprite/Character/Kana/Kana_idle.png using Guid(4efeba44aa2d0ab40831ebd9030a0370) Importer(815301076,1909f56bfc062723c751e8b465ee728b)  -> (artifact id: '357c74824a7f5feff243ff1eb8cf11c3') in 0.013110 seconds 
========================================================================
Received Import Request.
  Time since last request: 0.013776 seconds.
  path: Assets/Resources/Images/Sprite/Character/Kana/Kana_move.png
  artifactKey: Guid(67c596bb533bf1e47a863fa260a8c556) Importer(815301076,1909f56bfc062723c751e8b465ee728b)
Start importing Assets/Resources/Images/Sprite/Character/Kana/Kana_move.png using Guid(67c596bb533bf1e47a863fa260a8c556) Importer(815301076,1909f56bfc062723c751e8b465ee728b)  -> (artifact id: '2edcde17c7820ce4e3858ade76e699d0') in 0.029160 seconds 
========================================================================
Received Prepare
Registering precompiled user dll's ...
Registered in 0.006747 seconds.
Begin MonoManager ReloadAssembly
Symbol file LoadedFromMemory doesn't match image E:\Develop\Encounter_NightDance\Library\PackageCache\com.unity.visualscripting@1.8.0\Editor\VisualScripting.Core\Dependencies\YamlDotNet\Unity.VisualScripting.YamlDotNet.dll
Symbol file LoadedFromMemory doesn't match image E:\Develop\Encounter_NightDance\Library\PackageCache\com.unity.visualscripting@1.8.0\Editor\VisualScripting.Core\Dependencies\DotNetZip\Unity.VisualScripting.IonicZip.dll
Native extension for WindowsStandalone target not found
Refreshing native plugins compatible for Editor in 0.99 ms, found 4 plugins.
Preloading 0 native plugins for Editor in 0.00 ms.
Mono: successfully reloaded assembly
- Completed reload, in  1.258 seconds
Domain Reload Profiling:
	ReloadAssembly (1259ms)
		BeginReloadAssembly (147ms)
			ExecutionOrderSort (0ms)
			DisableScriptedObjects (9ms)
			BackupInstance (0ms)
			ReleaseScriptingObjects (0ms)
			CreateAndSetChildDomain (48ms)
		EndReloadAssembly (1020ms)
			LoadAssemblies (92ms)
			RebuildTransferFunctionScriptingTraits (0ms)
			SetupTypeCache (278ms)
			ReleaseScriptCaches (2ms)
			RebuildScriptCaches (54ms)
			SetupLoadedEditorAssemblies (515ms)
				LogAssemblyErrors (0ms)
				InitializePlatformSupportModulesInManaged (4ms)
				SetLoadedEditorAssemblies (0ms)
				RefreshPlugins (1ms)
				BeforeProcessingInitializeOnLoad (93ms)
				ProcessInitializeOnLoadAttributes (323ms)
				ProcessInitializeOnLoadMethodAttributes (90ms)
				AfterProcessingInitializeOnLoad (3ms)
				EditorAssembliesLoaded (0ms)
			ExecutionOrderSort2 (0ms)
			AwakeInstancesAfterBackupRestoration (20ms)
Platform modules already initialized, skipping
Refreshing native plugins compatible for Editor in 3.20 ms, found 4 plugins.
Preloading 0 native plugins for Editor in 0.00 ms.
Unloading 5458 Unused Serialized files (Serialized files now loaded: 0)
Unloading 29 unused Assets / (0.7 MB). Loaded Objects now: 6128.
Memory consumption went from 224.7 MB to 224.0 MB.
Total: 4.496200 ms (FindLiveObjects: 0.499500 ms CreateObjectMapping: 0.152700 ms MarkObjects: 3.522800 ms  DeleteObjects: 0.320300 ms)

AssetImportParameters requested are different than current active one (requested -> active):
  custom:video-decoder-ogg-theora: a1e56fd34408186e4bbccfd4996cb3dc -> 
  custom:container-muxer-webm: aa71ff27fc2769a1b78a27578f13a17b -> 
  custom:container-demuxer-webm: 4f35f7cbe854078d1ac9338744f61a02 -> 
  custom:video-encoder-webm-vp8: eb34c28f22e8b96e1ab97ce403110664 -> 
  custom:audio-encoder-webm-vorbis: bf7c407c2cedff20999df2af8eb42d56 -> 
  custom:framework-win-MediaFoundation: 216162199b28c13a410421893ffa2e32 -> 
  custom:container-demuxer-ogg: 62fdf1f143b41e24485cea50d1cbac27 -> 
  custom:video-decoder-webm-vp8: 9c59270c3fd7afecdb556c50c9e8de78 -> 
  custom:audio-decoder-ogg-vorbis: bf7c407c2cedff20999df2af8eb42d56 -> 
