Using pre-set license
Built from '2021.3/staging' branch; Version is '2021.3.23f1 (213b516bf396) revision 2177873'; Using compiler version '192829333'; Build Type 'Release'
OS: 'Windows 10  (10.0.19045) 64bit Professional' Language: 'ko' Physical Memory: 16318 MB
BatchMode: 1, IsHumanControllingUs: 0, StartBugReporterOnCrash: 0, Is64bit: 1, IsPro: 1

COMMAND LINE ARGUMENTS:
E:\Programs\Unity\Hub\Editor\2021.3.23f1\Editor\Unity.exe
-adb2
-batchMode
-noUpm
-name
AssetImportWorker0
-projectPath
E:/Develop/Encounter_NightDance
-logFile
Logs/AssetImportWorker0.log
-srvPort
4445
Successfully changed project path to: E:/Develop/Encounter_NightDance
E:/Develop/Encounter_NightDance
[UnityMemory] Configuration Parameters - Can be set up in boot.config
    "memorysetup-bucket-allocator-granularity=16"
    "memorysetup-bucket-allocator-bucket-count=8"
    "memorysetup-bucket-allocator-block-size=33554432"
    "memorysetup-bucket-allocator-block-count=8"
    "memorysetup-main-allocator-block-size=16777216"
    "memorysetup-thread-allocator-block-size=16777216"
    "memorysetup-gfx-main-allocator-block-size=16777216"
    "memorysetup-gfx-thread-allocator-block-size=16777216"
    "memorysetup-cache-allocator-block-size=4194304"
    "memorysetup-typetree-allocator-block-size=2097152"
    "memorysetup-profiler-bucket-allocator-granularity=16"
    "memorysetup-profiler-bucket-allocator-bucket-count=8"
    "memorysetup-profiler-bucket-allocator-block-size=33554432"
    "memorysetup-profiler-bucket-allocator-block-count=8"
    "memorysetup-profiler-allocator-block-size=16777216"
    "memorysetup-profiler-editor-allocator-block-size=1048576"
    "memorysetup-temp-allocator-size-main=16777216"
    "memorysetup-job-temp-allocator-block-size=2097152"
    "memorysetup-job-temp-allocator-block-size-background=1048576"
    "memorysetup-job-temp-allocator-reduction-small-platforms=262144"
    "memorysetup-temp-allocator-size-background-worker=32768"
    "memorysetup-temp-allocator-size-job-worker=262144"
    "memorysetup-temp-allocator-size-preload-manager=33554432"
    "memorysetup-temp-allocator-size-nav-mesh-worker=65536"
    "memorysetup-temp-allocator-size-audio-worker=65536"
    "memorysetup-temp-allocator-size-cloud-worker=32768"
    "memorysetup-temp-allocator-size-gi-baking-worker=262144"
    "memorysetup-temp-allocator-size-gfx=262144"
Player connection [9252] Host "[IP] 172.30.1.26 [Port] 0 [Flags] 2 [Guid] 4240367560 [EditorId] 4240367560 [Version] 1048832 [Id] WindowsEditor(7,com-PC) [Debug] 1 [PackageName] WindowsEditor [ProjectName] Editor" joined multi-casting on [225.0.0.222:54997]...

Player connection [9252] Host "[IP] 172.30.1.26 [Port] 0 [Flags] 2 [Guid] 4240367560 [EditorId] 4240367560 [Version] 1048832 [Id] WindowsEditor(7,com-PC) [Debug] 1 [PackageName] WindowsEditor [ProjectName] Editor" joined alternative multi-casting on [225.0.0.222:34997]...

Refreshing native plugins compatible for Editor in 120.94 ms, found 4 plugins.
Preloading 0 native plugins for Editor in 0.00 ms.
Initialize engine version: 2021.3.23f1 (213b516bf396)
[Subsystems] Discovering subsystems at path E:/Programs/Unity/Hub/Editor/2021.3.23f1/Editor/Data/Resources/UnitySubsystems
[Subsystems] Discovering subsystems at path E:/Develop/Encounter_NightDance/Assets
GfxDevice: creating device client; threaded=0; jobified=0
Direct3D:
    Version:  Direct3D 11.0 [level 11.1]
    Renderer: NVIDIA GeForce RTX 2080 (ID=0x1e87)
    Vendor:   NVIDIA
    VRAM:     8001 MB
    Driver:   31.0.15.3623
Initialize mono
Mono path[0] = 'E:/Programs/Unity/Hub/Editor/2021.3.23f1/Editor/Data/Managed'
Mono path[1] = 'E:/Programs/Unity/Hub/Editor/2021.3.23f1/Editor/Data/MonoBleedingEdge/lib/mono/unityjit-win32'
Mono config path = 'E:/Programs/Unity/Hub/Editor/2021.3.23f1/Editor/Data/MonoBleedingEdge/etc'
Using monoOptions --debugger-agent=transport=dt_socket,embedding=1,server=y,suspend=n,address=127.0.0.1:56480
Begin MonoManager ReloadAssembly
Registering precompiled unity dll's ...
Register platform support module: E:/Programs/Unity/Hub/Editor/2021.3.23f1/Editor/Data/PlaybackEngines/WindowsStandaloneSupport/UnityEditor.WindowsStandalone.Extensions.dll
Registered in 0.003620 seconds.
Native extension for WindowsStandalone target not found
Refreshing native plugins compatible for Editor in 126.17 ms, found 4 plugins.
Preloading 0 native plugins for Editor in 0.00 ms.
Mono: successfully reloaded assembly
- Completed reload, in  0.674 seconds
Domain Reload Profiling:
	ReloadAssembly (675ms)
		BeginReloadAssembly (95ms)
			ExecutionOrderSort (0ms)
			DisableScriptedObjects (0ms)
			BackupInstance (0ms)
			ReleaseScriptingObjects (0ms)
			CreateAndSetChildDomain (1ms)
		EndReloadAssembly (494ms)
			LoadAssemblies (94ms)
			RebuildTransferFunctionScriptingTraits (0ms)
			SetupTypeCache (119ms)
			ReleaseScriptCaches (0ms)
			RebuildScriptCaches (29ms)
			SetupLoadedEditorAssemblies (300ms)
				LogAssemblyErrors (0ms)
				InitializePlatformSupportModulesInManaged (7ms)
				SetLoadedEditorAssemblies (0ms)
				RefreshPlugins (126ms)
				BeforeProcessingInitializeOnLoad (1ms)
				ProcessInitializeOnLoadAttributes (118ms)
				ProcessInitializeOnLoadMethodAttributes (48ms)
				AfterProcessingInitializeOnLoad (0ms)
				EditorAssembliesLoaded (0ms)
			ExecutionOrderSort2 (0ms)
			AwakeInstancesAfterBackupRestoration (0ms)
Platform modules already initialized, skipping
Registering precompiled user dll's ...
Registered in 0.006943 seconds.
Begin MonoManager ReloadAssembly
Symbol file LoadedFromMemory doesn't match image E:\Develop\Encounter_NightDance\Library\PackageCache\com.unity.visualscripting@1.8.0\Editor\VisualScripting.Core\Dependencies\YamlDotNet\Unity.VisualScripting.YamlDotNet.dll
Symbol file LoadedFromMemory doesn't match image E:\Develop\Encounter_NightDance\Library\PackageCache\com.unity.visualscripting@1.8.0\Editor\VisualScripting.Core\Dependencies\DotNetZip\Unity.VisualScripting.IonicZip.dll
Native extension for WindowsStandalone target not found
Refreshing native plugins compatible for Editor in 134.90 ms, found 4 plugins.
Preloading 0 native plugins for Editor in 0.00 ms.
Mono: successfully reloaded assembly
- Completed reload, in  1.805 seconds
Domain Reload Profiling:
	ReloadAssembly (1806ms)
		BeginReloadAssembly (197ms)
			ExecutionOrderSort (0ms)
			DisableScriptedObjects (13ms)
			BackupInstance (0ms)
			ReleaseScriptingObjects (0ms)
			CreateAndSetChildDomain (40ms)
		EndReloadAssembly (1467ms)
			LoadAssemblies (151ms)
			RebuildTransferFunctionScriptingTraits (0ms)
			SetupTypeCache (352ms)
			ReleaseScriptCaches (1ms)
			RebuildScriptCaches (99ms)
			SetupLoadedEditorAssemblies (837ms)
				LogAssemblyErrors (0ms)
				InitializePlatformSupportModulesInManaged (5ms)
				SetLoadedEditorAssemblies (0ms)
				RefreshPlugins (135ms)
				BeforeProcessingInitializeOnLoad (148ms)
				ProcessInitializeOnLoadAttributes (434ms)
				ProcessInitializeOnLoadMethodAttributes (111ms)
				AfterProcessingInitializeOnLoad (3ms)
				EditorAssembliesLoaded (0ms)
			ExecutionOrderSort2 (0ms)
			AwakeInstancesAfterBackupRestoration (10ms)
Platform modules already initialized, skipping
========================================================================
Worker process is ready to serve import requests
Launched and connected shader compiler UnityShaderCompiler.exe after 0.07 seconds
Refreshing native plugins compatible for Editor in 1.24 ms, found 4 plugins.
Preloading 0 native plugins for Editor in 0.00 ms.
Unloading 5598 Unused Serialized files (Serialized files now loaded: 0)
Unloading 44 unused Assets / (89.9 MB). Loaded Objects now: 6052.
Memory consumption went from 224.6 MB to 134.7 MB.
Total: 9.431300 ms (FindLiveObjects: 1.057900 ms CreateObjectMapping: 0.312500 ms MarkObjects: 7.704900 ms  DeleteObjects: 0.354700 ms)

AssetImportParameters requested are different than current active one (requested -> active):
  custom:video-decoder-ogg-theora: a1e56fd34408186e4bbccfd4996cb3dc -> 
  custom:container-muxer-webm: aa71ff27fc2769a1b78a27578f13a17b -> 
  custom:container-demuxer-webm: 4f35f7cbe854078d1ac9338744f61a02 -> 
  custom:video-encoder-webm-vp8: eb34c28f22e8b96e1ab97ce403110664 -> 
  custom:audio-encoder-webm-vorbis: bf7c407c2cedff20999df2af8eb42d56 -> 
  custom:framework-win-MediaFoundation: 216162199b28c13a410421893ffa2e32 -> 
  custom:container-demuxer-ogg: 62fdf1f143b41e24485cea50d1cbac27 -> 
  custom:video-decoder-webm-vp8: 9c59270c3fd7afecdb556c50c9e8de78 -> 
  custom:audio-decoder-ogg-vorbis: bf7c407c2cedff20999df2af8eb42d56 -> 
========================================================================
Received Import Request.
  Time since last request: 16837.969746 seconds.
  path: Assets/Universal Render Pipeline Asset_Renderer.asset
  artifactKey: Guid(a84ec943a5a00e44cad9a2f257156102) Importer(815301076,1909f56bfc062723c751e8b465ee728b)
Start importing Assets/Universal Render Pipeline Asset_Renderer.asset using Guid(a84ec943a5a00e44cad9a2f257156102) Importer(815301076,1909f56bfc062723c751e8b465ee728b)  -> (artifact id: 'f47a4fd1505e1a88554b31a4f7d23925') in 0.070229 seconds 
========================================================================
Received Import Request.
  Time since last request: 46.381860 seconds.
  path: Assets/Resources/Prefab/HealthBar.prefab
  artifactKey: Guid(2f7a030281b8d2e4ba552a01022555df) Importer(815301076,1909f56bfc062723c751e8b465ee728b)
Start importing Assets/Resources/Prefab/HealthBar.prefab using Guid(2f7a030281b8d2e4ba552a01022555df) Importer(815301076,1909f56bfc062723c751e8b465ee728b)  -> (artifact id: '2082518f98af604333bb9079687eddb7') in 0.265134 seconds 
========================================================================
Received Import Request.
  Time since last request: 0.000032 seconds.
  path: Assets/Resources/Prefab/TempTile 1.prefab
  artifactKey: Guid(7025f7a496fff93448362482e7014294) Importer(815301076,1909f56bfc062723c751e8b465ee728b)
Start importing Assets/Resources/Prefab/TempTile 1.prefab using Guid(7025f7a496fff93448362482e7014294) Importer(815301076,1909f56bfc062723c751e8b465ee728b)  -> (artifact id: '047ac918419ee89d1d7b73b0c60d2d8a') in 0.023134 seconds 
========================================================================
Received Import Request.
  Time since last request: 0.000035 seconds.
  path: Assets/Resources/Prefab/TargetingLine.prefab
  artifactKey: Guid(fe34886e521dbfb4d9e521ec5476b3b4) Importer(815301076,1909f56bfc062723c751e8b465ee728b)
Start importing Assets/Resources/Prefab/TargetingLine.prefab using Guid(fe34886e521dbfb4d9e521ec5476b3b4) Importer(815301076,1909f56bfc062723c751e8b465ee728b)  -> (artifact id: '868cbf87032b69781425a62f420ec242') in 0.027970 seconds 
========================================================================
Received Import Request.
  Time since last request: 0.000029 seconds.
  path: Assets/Resources/Prefab/Unit.prefab
  artifactKey: Guid(5c64aafaad50b7e4f97dcbda29ab0242) Importer(815301076,1909f56bfc062723c751e8b465ee728b)
Start importing Assets/Resources/Prefab/Unit.prefab using Guid(5c64aafaad50b7e4f97dcbda29ab0242) Importer(815301076,1909f56bfc062723c751e8b465ee728b)  -> (artifact id: '679e629b8565d121314bbb9d66d7feae') in 0.426875 seconds 
========================================================================
Received Import Request.
  Time since last request: 0.000032 seconds.
  path: Assets/Resources/Prefab/Recieve.prefab
  artifactKey: Guid(6a9283d0525a2f54aad7ed5603520e4c) Importer(815301076,1909f56bfc062723c751e8b465ee728b)
Start importing Assets/Resources/Prefab/Recieve.prefab using Guid(6a9283d0525a2f54aad7ed5603520e4c) Importer(815301076,1909f56bfc062723c751e8b465ee728b)  -> (artifact id: 'a5743f110755a759fff87a9d2f2da3ad') in 0.209348 seconds 
========================================================================
Received Import Request.
  Time since last request: 0.000045 seconds.
  path: Assets/Resources/Prefab/RandomCard.prefab
  artifactKey: Guid(8c1ca225784efbb4684d46ec83a1028e) Importer(815301076,1909f56bfc062723c751e8b465ee728b)
Start importing Assets/Resources/Prefab/RandomCard.prefab using Guid(8c1ca225784efbb4684d46ec83a1028e) Importer(815301076,1909f56bfc062723c751e8b465ee728b)  -> (artifact id: '4f85939bb4fe3586fe821b0e181e58f4') in 0.044177 seconds 
========================================================================
Received Import Request.
  Time since last request: 1.380222 seconds.
  path: Assets/Resources/Images/Character
  artifactKey: Guid(39837f05a342a404f96f176adb6a278e) Importer(815301076,1909f56bfc062723c751e8b465ee728b)
Start importing Assets/Resources/Images/Character using Guid(39837f05a342a404f96f176adb6a278e) Importer(815301076,1909f56bfc062723c751e8b465ee728b)  -> (artifact id: '1210d34887f3c215794c4eca210fc9e5') in 0.008537 seconds 
========================================================================
Received Import Request.
  Time since last request: 1.699251 seconds.
  path: Assets/Resources/Images/Sprite
  artifactKey: Guid(07a28176bc9e8264391d0ce5ff31b523) Importer(815301076,1909f56bfc062723c751e8b465ee728b)
Start importing Assets/Resources/Images/Sprite using Guid(07a28176bc9e8264391d0ce5ff31b523) Importer(815301076,1909f56bfc062723c751e8b465ee728b)  -> (artifact id: 'aa1058fc2058e3d553fb8b191b232e93') in 0.009288 seconds 
========================================================================
Received Import Request.
  Time since last request: 17.305380 seconds.
  path: Assets/Resources/Images/Sprite/Character/Kana/Kana_move.png
  artifactKey: Guid(67c596bb533bf1e47a863fa260a8c556) Importer(815301076,1909f56bfc062723c751e8b465ee728b)
Start importing Assets/Resources/Images/Sprite/Character/Kana/Kana_move.png using Guid(67c596bb533bf1e47a863fa260a8c556) Importer(815301076,1909f56bfc062723c751e8b465ee728b)  -> (artifact id: '48e29a41331bb8f90dcc363a47ed1403') in 0.072597 seconds 
========================================================================
Received Import Request.
  Time since last request: 63.541147 seconds.
  path: Assets/Resources/Prefab/Battle_Object/Kain.prefab
  artifactKey: Guid(1dfd1fee7b9c3c84ab1b9de9317ebc9e) Importer(815301076,1909f56bfc062723c751e8b465ee728b)
Start importing Assets/Resources/Prefab/Battle_Object/Kain.prefab using Guid(1dfd1fee7b9c3c84ab1b9de9317ebc9e) Importer(815301076,1909f56bfc062723c751e8b465ee728b)  -> (artifact id: '4342d06a2aea3137c4230a131ec8b100') in 0.031303 seconds 
========================================================================
Received Import Request.
  Time since last request: 0.000027 seconds.
  path: Assets/Resources/Prefab/Battle_Object/Nia.prefab
  artifactKey: Guid(8ced09974901cde4e8eb4dc16ebd545e) Importer(815301076,1909f56bfc062723c751e8b465ee728b)
Start importing Assets/Resources/Prefab/Battle_Object/Nia.prefab using Guid(8ced09974901cde4e8eb4dc16ebd545e) Importer(815301076,1909f56bfc062723c751e8b465ee728b)  -> (artifact id: '5dbd3bd35a3ba020ca13e3a1dff0336c') in 0.043497 seconds 
========================================================================
Received Import Request.
  Time since last request: 0.000042 seconds.
  path: Assets/Resources/Prefab/Battle_Object/Kana.prefab
  artifactKey: Guid(6f8817cba82d0ee40b414276361114ae) Importer(815301076,1909f56bfc062723c751e8b465ee728b)
Start importing Assets/Resources/Prefab/Battle_Object/Kana.prefab using Guid(6f8817cba82d0ee40b414276361114ae) Importer(815301076,1909f56bfc062723c751e8b465ee728b)  -> (artifact id: 'f07e39ca4d07660e5135cc4190e10b4e') in 0.032411 seconds 
========================================================================
Received Import Request.
  Time since last request: 9.515521 seconds.
  path: Assets/Images/AccurateIcon.png
  artifactKey: Guid(8d230d1a31716914c838d826852f775a) Importer(815301076,1909f56bfc062723c751e8b465ee728b)
Start importing Assets/Images/AccurateIcon.png using Guid(8d230d1a31716914c838d826852f775a) Importer(815301076,1909f56bfc062723c751e8b465ee728b)  -> (artifact id: '110fa494e99635bebf7068894d9b68d6') in 0.024856 seconds 
========================================================================
Received Import Request.
  Time since last request: 0.000031 seconds.
  path: Packages/com.unity.2d.animation/Editor/Assets/SkinningModule/Icons/Light/Copy.png
  artifactKey: Guid(42f4b048501996743958df91513f824a) Importer(815301076,1909f56bfc062723c751e8b465ee728b)
Start importing Packages/com.unity.2d.animation/Editor/Assets/SkinningModule/Icons/Light/Copy.png using Guid(42f4b048501996743958df91513f824a) Importer(815301076,1909f56bfc062723c751e8b465ee728b)  -> (artifact id: '18aaac227291d6434283956d70d9e6e8') in 0.029267 seconds 
========================================================================
Received Import Request.
  Time since last request: 0.000049 seconds.
  path: Packages/com.unity.2d.animation/Editor/Assets/SkinningModule/Icons/Light/Bone_Influence@2x.png
  artifactKey: Guid(7395bf0bc3cc40e4ab2dda5ec6832261) Importer(815301076,1909f56bfc062723c751e8b465ee728b)
Start importing Packages/com.unity.2d.animation/Editor/Assets/SkinningModule/Icons/Light/Bone_Influence@2x.png using Guid(7395bf0bc3cc40e4ab2dda5ec6832261) Importer(815301076,1909f56bfc062723c751e8b465ee728b)  -> (artifact id: '90bedaca63ccaa6d57e5bcd6582567df') in 0.023522 seconds 
========================================================================
Received Import Request.
  Time since last request: 0.000026 seconds.
  path: Packages/com.unity.2d.animation/Editor/Assets/SkinningModule/Icons/Selected/Bone_Influence@4x.png
  artifactKey: Guid(daf2ab606d4db0d4f9ecf4c02137d2a8) Importer(815301076,1909f56bfc062723c751e8b465ee728b)
Start importing Packages/com.unity.2d.animation/Editor/Assets/SkinningModule/Icons/Selected/Bone_Influence@4x.png using Guid(daf2ab606d4db0d4f9ecf4c02137d2a8) Importer(815301076,1909f56bfc062723c751e8b465ee728b)  -> (artifact id: 'ceeb9e7a992f61d5ee7e70fa73ca3103') in 0.023588 seconds 
========================================================================
Received Import Request.
  Time since last request: 0.000023 seconds.
  path: Assets/Images/AttackIcon.png
  artifactKey: Guid(f2fc46676a880f94dbd2b17894d84ef9) Importer(815301076,1909f56bfc062723c751e8b465ee728b)
Start importing Assets/Images/AttackIcon.png using Guid(f2fc46676a880f94dbd2b17894d84ef9) Importer(815301076,1909f56bfc062723c751e8b465ee728b)  -> (artifact id: 'f451dd7aecfa398bdd2166ce4dc3dd66') in 0.030099 seconds 
========================================================================
Received Import Request.
  Time since last request: 0.000031 seconds.
  path: Assets/Images/AccurateIcon0.png
  artifactKey: Guid(7d196d857b4725348a55672b14e9738a) Importer(815301076,1909f56bfc062723c751e8b465ee728b)
Start importing Assets/Images/AccurateIcon0.png using Guid(7d196d857b4725348a55672b14e9738a) Importer(815301076,1909f56bfc062723c751e8b465ee728b)  -> (artifact id: 'f1fd296d27874e956d92a284695c3778') in 0.027030 seconds 
========================================================================
Received Import Request.
  Time since last request: 0.000030 seconds.
  path: Packages/com.unity.2d.animation/Editor/Assets/SkinningModule/Icons/Selected/Bone_Influence.png
  artifactKey: Guid(ff00345da0563d641903c5bd5bb748a4) Importer(815301076,1909f56bfc062723c751e8b465ee728b)
Start importing Packages/com.unity.2d.animation/Editor/Assets/SkinningModule/Icons/Selected/Bone_Influence.png using Guid(ff00345da0563d641903c5bd5bb748a4) Importer(815301076,1909f56bfc062723c751e8b465ee728b)  -> (artifact id: 'c4feb8e990fd27d258fb27e85b850f2b') in 0.022420 seconds 
========================================================================
Received Import Request.
  Time since last request: 0.000030 seconds.
  path: Packages/com.unity.2d.animation/Editor/Assets/SkinningModule/Icons/Light/character_Mode@3x.png
  artifactKey: Guid(17fa84703485d314b8d6b5216987d4b1) Importer(815301076,1909f56bfc062723c751e8b465ee728b)
Start importing Packages/com.unity.2d.animation/Editor/Assets/SkinningModule/Icons/Light/character_Mode@3x.png using Guid(17fa84703485d314b8d6b5216987d4b1) Importer(815301076,1909f56bfc062723c751e8b465ee728b)  -> (artifact id: 'dec5f8d7b31e2f2e5cb8f97863ae68f2') in 0.024927 seconds 
========================================================================
Received Import Request.
  Time since last request: 0.000024 seconds.
  path: Assets/Images/Icons/Consumable.png
  artifactKey: Guid(f89fce10d8a17374f9126a8675ddec01) Importer(815301076,1909f56bfc062723c751e8b465ee728b)
Start importing Assets/Images/Icons/Consumable.png using Guid(f89fce10d8a17374f9126a8675ddec01) Importer(815301076,1909f56bfc062723c751e8b465ee728b)  -> (artifact id: 'd5d44fa345fc82ef95e9764e73a483ef') in 0.026256 seconds 
========================================================================
Received Import Request.
  Time since last request: 0.000030 seconds.
  path: Packages/com.unity.2d.animation/Editor/Assets/SkinningModule/Icons/Light/Bone_Influence@3x.png
  artifactKey: Guid(cee9dbe90b270c944ae1dabf41c93b10) Importer(815301076,1909f56bfc062723c751e8b465ee728b)
Start importing Packages/com.unity.2d.animation/Editor/Assets/SkinningModule/Icons/Light/Bone_Influence@3x.png using Guid(cee9dbe90b270c944ae1dabf41c93b10) Importer(815301076,1909f56bfc062723c751e8b465ee728b)  -> (artifact id: '3c7ac8c44846d3c8b0a3996cbd417b43') in 0.022090 seconds 
========================================================================
Received Import Request.
  Time since last request: 0.000035 seconds.
  path: Packages/com.unity.2d.animation/Editor/Assets/SkinningModule/Icons/Selected/Bone_Influence@3x.png
  artifactKey: Guid(68e5a78013e33f247822a837e55b0ab4) Importer(815301076,1909f56bfc062723c751e8b465ee728b)
Start importing Packages/com.unity.2d.animation/Editor/Assets/SkinningModule/Icons/Selected/Bone_Influence@3x.png using Guid(68e5a78013e33f247822a837e55b0ab4) Importer(815301076,1909f56bfc062723c751e8b465ee728b)  -> (artifact id: 'e04a14f5a5dbf5d38e88fdbcd6d30f90') in 0.024690 seconds 
========================================================================
Received Import Request.
  Time since last request: 0.000022 seconds.
  path: Packages/com.unity.2d.animation/Editor/Assets/SkinningModule/Icons/Selected/character_Mode.png
  artifactKey: Guid(e60718119cec31e4190849292fcde068) Importer(815301076,1909f56bfc062723c751e8b465ee728b)
Start importing Packages/com.unity.2d.animation/Editor/Assets/SkinningModule/Icons/Selected/character_Mode.png using Guid(e60718119cec31e4190849292fcde068) Importer(815301076,1909f56bfc062723c751e8b465ee728b)  -> (artifact id: '4f94cfc870ccb8db5f9e11009a0f3702') in 0.022987 seconds 
========================================================================
Received Import Request.
  Time since last request: 0.000024 seconds.
  path: Packages/com.unity.2d.animation/Editor/Assets/SkinningModule/Icons/Light/Bone_Influence@4x.png
  artifactKey: Guid(c7aa62ae78ffca0498c89e5f45f94c0e) Importer(815301076,1909f56bfc062723c751e8b465ee728b)
Start importing Packages/com.unity.2d.animation/Editor/Assets/SkinningModule/Icons/Light/Bone_Influence@4x.png using Guid(c7aa62ae78ffca0498c89e5f45f94c0e) Importer(815301076,1909f56bfc062723c751e8b465ee728b)  -> (artifact id: 'd97a694cbc710d1d107acd54d184a335') in 0.023098 seconds 
========================================================================
Received Import Request.
  Time since last request: 0.000030 seconds.
  path: Assets/Images/Checker.png
  artifactKey: Guid(a1e5409c5020bff41ad06a6057183f12) Importer(815301076,1909f56bfc062723c751e8b465ee728b)
Start importing Assets/Images/Checker.png using Guid(a1e5409c5020bff41ad06a6057183f12) Importer(815301076,1909f56bfc062723c751e8b465ee728b)  -> (artifact id: '0d431a312bda254fc9377f840bb9741c') in 0.020402 seconds 
========================================================================
Received Import Request.
  Time since last request: 0.000023 seconds.
  path: Packages/com.unity.2d.animation/Editor/Assets/SkinningModule/Icons/Light/character_Mode.png
  artifactKey: Guid(d4d64a6cd9624c34a815dd79fb2a20a4) Importer(815301076,1909f56bfc062723c751e8b465ee728b)
Start importing Packages/com.unity.2d.animation/Editor/Assets/SkinningModule/Icons/Light/character_Mode.png using Guid(d4d64a6cd9624c34a815dd79fb2a20a4) Importer(815301076,1909f56bfc062723c751e8b465ee728b)  -> (artifact id: '9aedb9f576ff934b873841b6018b50cd') in 0.026372 seconds 
========================================================================
Received Import Request.
  Time since last request: 0.000020 seconds.
  path: Packages/com.unity.2d.animation/Editor/Assets/SkinningModule/Icons/Light/Copy@2x.png
  artifactKey: Guid(2e0cf451cb3d56742aad87ea75993209) Importer(815301076,1909f56bfc062723c751e8b465ee728b)
Start importing Packages/com.unity.2d.animation/Editor/Assets/SkinningModule/Icons/Light/Copy@2x.png using Guid(2e0cf451cb3d56742aad87ea75993209) Importer(815301076,1909f56bfc062723c751e8b465ee728b)  -> (artifact id: 'b0535bc6abe390ab2335c7f2ff52a93b') in 0.022202 seconds 
========================================================================
Received Import Request.
  Time since last request: 0.658058 seconds.
  path: Assets/Resources/Images/Character/Kana/Kana_Base.png
  artifactKey: Guid(1b98423fad3050f4299e5ff7326e0ac6) Importer(815301076,1909f56bfc062723c751e8b465ee728b)
Start importing Assets/Resources/Images/Character/Kana/Kana_Base.png using Guid(1b98423fad3050f4299e5ff7326e0ac6) Importer(815301076,1909f56bfc062723c751e8b465ee728b)  -> (artifact id: '4ccb09056c4b7830e34c44766ba74f30') in 0.073031 seconds 
========================================================================
Received Import Request.
  Time since last request: 0.000028 seconds.
  path: Assets/Resources/Images/Character/Kana/Kana_Original.png
  artifactKey: Guid(a70e791c84863b240999f2e7ef523c86) Importer(815301076,1909f56bfc062723c751e8b465ee728b)
Start importing Assets/Resources/Images/Character/Kana/Kana_Original.png using Guid(a70e791c84863b240999f2e7ef523c86) Importer(815301076,1909f56bfc062723c751e8b465ee728b)  -> (artifact id: 'f101d9def3310ae879c987f482a52a50') in 0.069601 seconds 
========================================================================
Received Prepare
Registering precompiled user dll's ...
Registered in 0.006979 seconds.
Begin MonoManager ReloadAssembly
Symbol file LoadedFromMemory doesn't match image E:\Develop\Encounter_NightDance\Library\PackageCache\com.unity.visualscripting@1.8.0\Editor\VisualScripting.Core\Dependencies\YamlDotNet\Unity.VisualScripting.YamlDotNet.dll
Symbol file LoadedFromMemory doesn't match image E:\Develop\Encounter_NightDance\Library\PackageCache\com.unity.visualscripting@1.8.0\Editor\VisualScripting.Core\Dependencies\DotNetZip\Unity.VisualScripting.IonicZip.dll
Native extension for WindowsStandalone target not found
Refreshing native plugins compatible for Editor in 0.96 ms, found 4 plugins.
Preloading 0 native plugins for Editor in 0.00 ms.
Mono: successfully reloaded assembly
- Completed reload, in  1.237 seconds
Domain Reload Profiling:
	ReloadAssembly (1237ms)
		BeginReloadAssembly (157ms)
			ExecutionOrderSort (0ms)
			DisableScriptedObjects (9ms)
			BackupInstance (0ms)
			ReleaseScriptingObjects (0ms)
			CreateAndSetChildDomain (59ms)
		EndReloadAssembly (985ms)
			LoadAssemblies (90ms)
			RebuildTransferFunctionScriptingTraits (0ms)
			SetupTypeCache (257ms)
			ReleaseScriptCaches (2ms)
			RebuildScriptCaches (59ms)
			SetupLoadedEditorAssemblies (505ms)
				LogAssemblyErrors (0ms)
				InitializePlatformSupportModulesInManaged (5ms)
				SetLoadedEditorAssemblies (0ms)
				RefreshPlugins (1ms)
				BeforeProcessingInitializeOnLoad (93ms)
				ProcessInitializeOnLoadAttributes (314ms)
				ProcessInitializeOnLoadMethodAttributes (88ms)
				AfterProcessingInitializeOnLoad (4ms)
				EditorAssembliesLoaded (0ms)
			ExecutionOrderSort2 (0ms)
			AwakeInstancesAfterBackupRestoration (18ms)
Platform modules already initialized, skipping
Refreshing native plugins compatible for Editor in 3.27 ms, found 4 plugins.
Preloading 0 native plugins for Editor in 0.00 ms.
Unloading 5458 Unused Serialized files (Serialized files now loaded: 0)
Unloading 29 unused Assets / (0.7 MB). Loaded Objects now: 6126.
Memory consumption went from 224.7 MB to 224.0 MB.
Total: 4.736100 ms (FindLiveObjects: 0.607700 ms CreateObjectMapping: 0.194500 ms MarkObjects: 3.553200 ms  DeleteObjects: 0.379400 ms)

AssetImportParameters requested are different than current active one (requested -> active):
  custom:video-decoder-ogg-theora: a1e56fd34408186e4bbccfd4996cb3dc -> 
  custom:container-muxer-webm: aa71ff27fc2769a1b78a27578f13a17b -> 
  custom:container-demuxer-webm: 4f35f7cbe854078d1ac9338744f61a02 -> 
  custom:video-encoder-webm-vp8: eb34c28f22e8b96e1ab97ce403110664 -> 
  custom:audio-encoder-webm-vorbis: bf7c407c2cedff20999df2af8eb42d56 -> 
  custom:framework-win-MediaFoundation: 216162199b28c13a410421893ffa2e32 -> 
  custom:container-demuxer-ogg: 62fdf1f143b41e24485cea50d1cbac27 -> 
  custom:video-decoder-webm-vp8: 9c59270c3fd7afecdb556c50c9e8de78 -> 
  custom:audio-decoder-ogg-vorbis: bf7c407c2cedff20999df2af8eb42d56 -> 
