
=== Wed Apr 12 17:43:42 2023

Packages were changed.
Update Mode: mergeDefaultDependencies

The following packages were added:
  com.unity.modules.ai@1.0.0
  com.unity.modules.androidjni@1.0.0
  com.unity.modules.animation@1.0.0
  com.unity.modules.assetbundle@1.0.0
  com.unity.modules.audio@1.0.0
  com.unity.modules.cloth@1.0.0
  com.unity.modules.director@1.0.0
  com.unity.modules.imageconversion@1.0.0
  com.unity.modules.imgui@1.0.0
  com.unity.modules.jsonserialize@1.0.0
  com.unity.modules.particlesystem@1.0.0
  com.unity.modules.physics@1.0.0
  com.unity.modules.physics2d@1.0.0
  com.unity.modules.screencapture@1.0.0
  com.unity.modules.terrain@1.0.0
  com.unity.modules.terrainphysics@1.0.0
  com.unity.modules.tilemap@1.0.0
  com.unity.modules.ui@1.0.0
  com.unity.modules.uielements@1.0.0
  com.unity.modules.umbra@1.0.0
  com.unity.modules.unityanalytics@1.0.0
  com.unity.modules.unitywebrequest@1.0.0
  com.unity.modules.unitywebrequestassetbundle@1.0.0
  com.unity.modules.unitywebrequestaudio@1.0.0
  com.unity.modules.unitywebrequesttexture@1.0.0
  com.unity.modules.unitywebrequestwww@1.0.0
  com.unity.modules.vehicles@1.0.0
  com.unity.modules.video@1.0.0
  com.unity.modules.vr@1.0.0
  com.unity.modules.wind@1.0.0
  com.unity.modules.xr@1.0.0
The following packages were updated:
  com.unity.render-pipelines.universal from version 12.0.0 to 12.1.7
  com.unity.collab-proxy from version 1.9.0 to 1.17.6
  com.unity.ide.rider from version 3.0.7 to 3.0.15
  com.unity.ide.visualstudio from version 2.0.11 to 2.0.16
  com.unity.ide.vscode from version 1.2.4 to 1.2.5
  com.unity.test-framework from version 1.1.29 to 1.1.31
  com.unity.timeline from version 1.6.2 to 1.6.4
  com.unity.visualscripting from version 1.7.2 to 1.7.8

=== Wed Apr 12 17:52:30 2023

Packages were changed.
Update Mode: updateDependencies

The following packages were updated:
  com.unity.2d.animation from version 5.1.1 to 7.0.8
  com.unity.2d.pixel-perfect from version 4.0.1 to 5.0.1
  com.unity.2d.psdimporter from version 4.2.0 to 6.0.6
  com.unity.2d.spriteshape from version 5.2.0 to 7.0.6
  com.unity.collab-proxy from version 1.15.13 to 1.17.6
  com.unity.ide.rider from version 2.0.7 to 3.0.15
  com.unity.ide.visualstudio from version 2.0.14 to 2.0.16
  com.unity.timeline from version 1.4.8 to 1.6.4

=== Wed Apr 12 17:52:31 2023

Packages were changed.
Update Mode: mergeDefaultDependencies

The following packages were added:
  com.unity.2d.animation@7.0.8
  com.unity.2d.pixel-perfect@5.0.1
  com.unity.2d.psdimporter@6.0.6
  com.unity.2d.sprite@1.0.0
  com.unity.2d.spriteshape@7.0.6
  com.unity.2d.tilemap@1.0.0

=== Fri Apr 28 00:04:44 2023

Packages were changed.
Update Mode: updateDependencies

The following packages were updated:
  com.unity.2d.animation from version 7.0.8 to 7.0.10
  com.unity.2d.pixel-perfect from version 5.0.1 to 5.0.3
  com.unity.2d.psdimporter from version 6.0.6 to 6.0.7
  com.unity.2d.spriteshape from version 7.0.6 to 7.0.7
  com.unity.collab-proxy from version 1.17.6 to 2.0.3
  com.unity.ide.rider from version 3.0.15 to 3.0.18
  com.unity.ide.visualstudio from version 2.0.16 to 2.0.17
  com.unity.render-pipelines.universal from version 12.1.7 to 12.1.11
  com.unity.visualscripting from version 1.7.8 to 1.8.0
